  main.cpp
C:\Program Files\Microsoft Visual Studio\2022\Community\VC\Tools\MSVC\14.37.32822\include\xmemory(719,82): error C2665: "std::pair<const int,int>::pair": ни одна перегруженная функция не может преобразовать все типы аргументов
C:\Program Files\Microsoft Visual Studio\2022\Community\VC\Tools\MSVC\14.37.32822\include\utility(246,5): message : может быть "std::pair<const int,int>::pair(std::pair<const int,int> &&)"
C:\Program Files\Microsoft Visual Studio\2022\Community\VC\Tools\MSVC\14.37.32822\include\xmemory(719,82): message : "std::pair<const int,int>::pair(std::pair<const int,int> &&)": невозможно преобразовать аргумент 1 из "int" в "std::pair<const int,int> &&"
C:\Program Files\Microsoft Visual Studio\2022\Community\VC\Tools\MSVC\14.37.32822\include\xmemory(719,103): message : Причина: невозможно преобразовать "int" в "std::pair<const int,int>"
C:\Program Files\Microsoft Visual Studio\2022\Community\VC\Tools\MSVC\14.37.32822\include\utility(245,5): message : или       "std::pair<const int,int>::pair(const std::pair<const int,int> &)"
C:\Program Files\Microsoft Visual Studio\2022\Community\VC\Tools\MSVC\14.37.32822\include\xmemory(719,82): message : "std::pair<const int,int>::pair(const std::pair<const int,int> &)": невозможно преобразовать аргумент 1 из "int" в "const std::pair<const int,int> &"
C:\Program Files\Microsoft Visual Studio\2022\Community\VC\Tools\MSVC\14.37.32822\include\xmemory(719,103): message : Причина: невозможно преобразовать "int" в "const std::pair<const int,int>"
C:\Program Files\Microsoft Visual Studio\2022\Community\VC\Tools\MSVC\14.37.32822\include\utility(304,5): message : или       "std::pair<const int,int>::pair(std::piecewise_construct_t,std::tuple<_Types1...>,std::tuple<_Types2...>)"
C:\Program Files\Microsoft Visual Studio\2022\Community\VC\Tools\MSVC\14.37.32822\include\xmemory(719,82): message : "std::pair<const int,int>::pair(std::piecewise_construct_t,std::tuple<_Types1...>,std::tuple<_Types2...>)": ожидаются аргументы 3 — 1 предоставлены
C:\Program Files\Microsoft Visual Studio\2022\Community\VC\Tools\MSVC\14.37.32822\include\utility(300,5): message : или       "std::pair<const int,int>::pair(_Tuple1 &,_Tuple2 &,std::integer_sequence<size_t,_Indices1...>,std::integer_sequence<size_t,_Indices2...>)"
C:\Program Files\Microsoft Visual Studio\2022\Community\VC\Tools\MSVC\14.37.32822\include\xmemory(719,82): message : "std::pair<const int,int>::pair(_Tuple1 &,_Tuple2 &,std::integer_sequence<size_t,_Indices1...>,std::integer_sequence<size_t,_Indices2...>)": ожидаются аргументы 4 — 1 предоставлены
C:\Program Files\Microsoft Visual Studio\2022\Community\VC\Tools\MSVC\14.37.32822\include\utility(267,5): message : или       "std::pair<const int,int>::pair(std::pair<_Other1,_Other2> &&) noexcept(<expr>)"
C:\Program Files\Microsoft Visual Studio\2022\Community\VC\Tools\MSVC\14.37.32822\include\xmemory(719,82): message : 'std::pair<const int,int>::pair(std::pair<_Other1,_Other2> &&) noexcept(<expr>)': не удалось вывести аргумент шаблон для 'std::pair<_Other1,_Other2> &&' из 'int'
C:\Program Files\Microsoft Visual Studio\2022\Community\VC\Tools\MSVC\14.37.32822\include\utility(260,5): message : или       "std::pair<const int,int>::pair(const std::pair<_Other1,_Other2> &) noexcept(<expr>)"
C:\Program Files\Microsoft Visual Studio\2022\Community\VC\Tools\MSVC\14.37.32822\include\xmemory(719,82): message : 'std::pair<const int,int>::pair(const std::pair<_Other1,_Other2> &) noexcept(<expr>)': не удалось вывести аргумент шаблон для 'const std::pair<_Other1,_Other2> &' из 'int'
C:\Program Files\Microsoft Visual Studio\2022\Community\VC\Tools\MSVC\14.37.32822\include\utility(239,5): message : или       "std::pair<const int,int>::pair(_Other1 &&,_Other2 &&) noexcept(<expr>)"
C:\Program Files\Microsoft Visual Studio\2022\Community\VC\Tools\MSVC\14.37.32822\include\xmemory(719,82): message : "std::pair<const int,int>::pair(_Other1 &&,_Other2 &&) noexcept(<expr>)": ожидаются аргументы 2 — 1 предоставлены
C:\Program Files\Microsoft Visual Studio\2022\Community\VC\Tools\MSVC\14.37.32822\include\utility(228,5): message : или       "std::pair<const int,int>::pair(_Ty1 &,const _Ty2 &) noexcept(<expr>)"
          with
          [
              _Ty1=const int,
              _Ty2=int
          ]
C:\Program Files\Microsoft Visual Studio\2022\Community\VC\Tools\MSVC\14.37.32822\include\xmemory(719,82): message : "std::pair<const int,int>::pair(_Ty1 &,const _Ty2 &) noexcept(<expr>)": ожидаются аргументы 2 — 1 предоставлены
          with
          [
              _Ty1=const int,
              _Ty2=int
          ]
C:\Program Files\Microsoft Visual Studio\2022\Community\VC\Tools\MSVC\14.37.32822\include\utility(220,5): message : или       "std::pair<const int,int>::pair(void) noexcept(<expr>)"
C:\Program Files\Microsoft Visual Studio\2022\Community\VC\Tools\MSVC\14.37.32822\include\xmemory(719,82): message : "std::pair<const int,int>::pair(void) noexcept(<expr>)": ожидаются аргументы 0 — 1 предоставлены
C:\Program Files\Microsoft Visual Studio\2022\Community\VC\Tools\MSVC\14.37.32822\include\xmemory(719,82): message : при попытке сопоставить список аргументов "(int)"
C:\Program Files\Microsoft Visual Studio\2022\Community\VC\Tools\MSVC\14.37.32822\include\list(586,25): message : выполняется компиляция ссылки на экземпляр шаблон функции "void std::_Default_allocator_traits<_Alloc>::construct<_Ty,int&>(_Alloc &,_Objty *const ,int &)"
          with
          [
              _Alloc=std::allocator<std::_List_node<std::pair<const int,int>,std::_Default_allocator_traits<std::allocator<std::pair<const int,int>>>::void_pointer>>,
              _Ty=std::pair<const int,int>,
              _Objty=std::pair<const int,int>
          ]
C:\Program Files\Microsoft Visual Studio\2022\Community\VC\Tools\MSVC\14.37.32822\include\xhash(622,53): message : выполняется компиляция ссылки на экземпляр шаблон функции "std::_List_node_emplace_op2<std::allocator<std::_List_node<_Ty,std::_Default_allocator_traits<_Alloc>::void_pointer>>>::_List_node_emplace_op2<int&>(_Alnode &,int &)"
          with
          [
              _Ty=std::pair<const int,int>,
              _Alloc=std::allocator<std::pair<const int,int>>,
              _Alnode=std::allocator<std::_List_node<std::pair<const int,int>,std::_Default_allocator_traits<std::allocator<std::pair<const int,int>>>::void_pointer>>
          ]
C:\Program Files\Microsoft Visual Studio\2022\Community\VC\Tools\MSVC\14.37.32822\include\xhash(953,13): message : выполняется компиляция ссылки на экземпляр шаблон функции "std::pair<std::_List_iterator<std::_List_val<std::_List_simple_types<_Ty>>>,bool> std::_Hash<std::_Umap_traits<_Kty,int,std::_Uhash_compare<_Kty,_Hasher,_Keyeq>,_Alloc,false>>::emplace<int&>(int &)"
          with
          [
              _Ty=std::pair<const int,int>,
              _Kty=int,
              _Hasher=std::hash<int>,
              _Keyeq=std::equal_to<int>,
              _Alloc=std::allocator<std::pair<const int,int>>
          ]
C:\Program Files\Microsoft Visual Studio\2022\Community\VC\Tools\MSVC\14.37.32822\include\xhash(961,9): message : выполняется компиляция ссылки на экземпляр шаблон функции "void std::_Hash<std::_Umap_traits<_Kty,_Ty,std::_Uhash_compare<_Kty,_Hasher,_Keyeq>,_Alloc,false>>::_Insert_range_unchecked<int*,int*>(_Iter,const _Sent)"
          with
          [
              _Kty=int,
              _Ty=int,
              _Hasher=std::hash<int>,
              _Keyeq=std::equal_to<int>,
              _Alloc=std::allocator<std::pair<const int,int>>,
              _Iter=int *,
              _Sent=int *
          ]
C:\Program Files\Microsoft Visual Studio\2022\Community\VC\Tools\MSVC\14.37.32822\include\unordered_map(145,9): message : выполняется компиляция ссылки на экземпляр шаблон функции "void std::_Hash<std::_Umap_traits<_Kty,_Ty,std::_Uhash_compare<_Kty,_Hasher,_Keyeq>,_Alloc,false>>::insert<_Iter>(_Iter,_Iter)"
          with
          [
              _Kty=int,
              _Ty=int,
              _Hasher=std::hash<int>,
              _Keyeq=std::equal_to<int>,
              _Alloc=std::allocator<std::pair<const int,int>>,
              _Iter=std::_Vector_iterator<std::_Vector_val<std::_Simple_types<int>>>
          ]
D:\IT rofls\C++ projects\General purpose projects\ass\main.cpp(79,32): message : выполняется компиляция ссылки на экземпляр шаблон функции "std::unordered_map<int,int,std::hash<int>,std::equal_to<int>,std::allocator<std::pair<const int,int>>>::unordered_map<std::_Vector_iterator<std::_Vector_val<std::_Simple_types<_Ty>>>>(_Iter,_Iter)"
          with
          [
              _Ty=int,
              _Iter=std::_Vector_iterator<std::_Vector_val<std::_Simple_types<int>>>
          ]
D:\IT rofls\C++ projects\General purpose projects\ass\main.cpp(79,32): message : см. первую ссылку на "std::unordered_map<int,int,std::hash<int>,std::equal_to<int>,std::allocator<std::pair<const int,int>>>::unordered_map" в "main"
